 
 
*** Medium default-partitions (0) 
... Environment.ProcessorCount: 8
... ThreadPool Min: 8,8; Max: 32767,1000; Avail: 32767,1000
... args: [|"m-1000-300000-1.txt"; "/*"; "0"; "0"|]
... N1: 1000; N2: 300000; K: 24; Verbose: 0
... partitions
... 0 (1, 12501) 12500
... 1 (12501, 25001) 12500
... 2 (25001, 37501) 12500
... 3 (37501, 50001) 12500
... 4 (50001, 62501) 12500
... 5 (62501, 75001) 12500
... 6 (75001, 87501) 12500
... 7 (87501, 100001) 12500
... 8 (100001, 112501) 12500
... 9 (112501, 125001) 12500
... 10 (125001, 137501) 12500
... 11 (137501, 150001) 12500
... 12 (150001, 162501) 12500
... 13 (162501, 175001) 12500
... 14 (175001, 187501) 12500
... 15 (187501, 200001) 12500
... 16 (200001, 212501) 12500
... 17 (212501, 225001) 12500
... 18 (225001, 237501) 12500
... 19 (237501, 250001) 12500
... 20 (250001, 262501) 12500
... 21 (262501, 275001) 12500
... 22 (275001, 287501) 12500
... 23 (287501, 300001) 12500

$$$ sequential: no partitions
$$$ duration: 600 ms
$$$ 1000 max_sequential

$$$ parallel_naive: no partitions
$$$ duration: 690 ms
$$$ 1000 max_parallel_naive

$$$ parallel_range: 24 partitions
$$$ duration: 346 ms
$$$ 1000 max_parallel_range

$$$ async_range: 24 partitions
$$$ duration: 305 ms
$$$ 1000 max_async_range

$$$ mailbox_range: 24 partitions
$$$ duration: 261 ms
$$$ 1000 max_mailbox_range

$$$ akka_range: 24 partitions
$$$ duration: 269 ms
$$$ 1000 max_akka_range
 
*** Medium explicit-partitions (24) 
... Environment.ProcessorCount: 8
... ThreadPool Min: 8,8; Max: 32767,1000; Avail: 32767,1000
... args: [|"m-1000-300000-1.txt"; "/*"; "24"; "0"|]
... N1: 1000; N2: 300000; K: 24; Verbose: 0
... partitions
... 0 (1, 12501) 12500
... 1 (12501, 25001) 12500
... 2 (25001, 37501) 12500
... 3 (37501, 50001) 12500
... 4 (50001, 62501) 12500
... 5 (62501, 75001) 12500
... 6 (75001, 87501) 12500
... 7 (87501, 100001) 12500
... 8 (100001, 112501) 12500
... 9 (112501, 125001) 12500
... 10 (125001, 137501) 12500
... 11 (137501, 150001) 12500
... 12 (150001, 162501) 12500
... 13 (162501, 175001) 12500
... 14 (175001, 187501) 12500
... 15 (187501, 200001) 12500
... 16 (200001, 212501) 12500
... 17 (212501, 225001) 12500
... 18 (225001, 237501) 12500
... 19 (237501, 250001) 12500
... 20 (250001, 262501) 12500
... 21 (262501, 275001) 12500
... 22 (275001, 287501) 12500
... 23 (287501, 300001) 12500

$$$ sequential: no partitions
$$$ duration: 598 ms
$$$ 1000 max_sequential

$$$ parallel_naive: no partitions
$$$ duration: 663 ms
$$$ 1000 max_parallel_naive

$$$ parallel_range: 24 partitions
$$$ duration: 351 ms
$$$ 1000 max_parallel_range

$$$ async_range: 24 partitions
$$$ duration: 310 ms
$$$ 1000 max_async_range

$$$ mailbox_range: 24 partitions
$$$ duration: 255 ms
$$$ 1000 max_mailbox_range

$$$ akka_range: 24 partitions
$$$ duration: 262 ms
$$$ 1000 max_akka_range
 
*** Large default-partitions (0) 
... Environment.ProcessorCount: 8
... ThreadPool Min: 8,8; Max: 32767,1000; Avail: 32767,1000
... args: [|"m-1000-1000000-1.txt"; "/*"; "0"; "0"|]
... N1: 1000; N2: 1000000; K: 25; Verbose: 0
... partitions
... 0 (1, 41667) 41666
... 1 (41667, 83333) 41666
... 2 (83333, 124999) 41666
... 3 (124999, 166665) 41666
... 4 (166665, 208331) 41666
... 5 (208331, 249997) 41666
... 6 (249997, 291663) 41666
... 7 (291663, 333329) 41666
... 8 (333329, 374995) 41666
... 9 (374995, 416661) 41666
... 10 (416661, 458327) 41666
... 11 (458327, 499993) 41666
... 12 (499993, 541659) 41666
... 13 (541659, 583325) 41666
... 14 (583325, 624991) 41666
... 15 (624991, 666657) 41666
... 16 (666657, 708323) 41666
... 17 (708323, 749989) 41666
... 18 (749989, 791655) 41666
... 19 (791655, 833321) 41666
... 20 (833321, 874987) 41666
... 21 (874987, 916653) 41666
... 22 (916653, 958319) 41666
... 23 (958319, 999985) 41666
... 24 (999985, 1000001) 16

$$$ sequential: no partitions
$$$ duration: 2121 ms
$$$ 1000 max_sequential

$$$ parallel_naive: no partitions
$$$ duration: 2307 ms
$$$ 1000 max_parallel_naive

$$$ parallel_range: 25 partitions
$$$ duration: 1204 ms
$$$ 1000 max_parallel_range

$$$ async_range: 25 partitions
$$$ duration: 993 ms
$$$ 1000 max_async_range

$$$ mailbox_range: 25 partitions
$$$ duration: 845 ms
$$$ 1000 max_mailbox_range

$$$ akka_range: 25 partitions
$$$ duration: 842 ms
$$$ 1000 max_akka_range
 
*** Large explicit-partitions (24) 
... Environment.ProcessorCount: 8
... ThreadPool Min: 8,8; Max: 32767,1000; Avail: 32767,1000
... args: [|"m-1000-1000000-1.txt"; "/*"; "24"; "0"|]
... N1: 1000; N2: 1000000; K: 24; Verbose: 0
... partitions
... 0 (1, 41668) 41667
... 1 (41668, 83335) 41667
... 2 (83335, 125002) 41667
... 3 (125002, 166669) 41667
... 4 (166669, 208336) 41667
... 5 (208336, 250003) 41667
... 6 (250003, 291670) 41667
... 7 (291670, 333337) 41667
... 8 (333337, 375004) 41667
... 9 (375004, 416671) 41667
... 10 (416671, 458338) 41667
... 11 (458338, 500005) 41667
... 12 (500005, 541672) 41667
... 13 (541672, 583339) 41667
... 14 (583339, 625006) 41667
... 15 (625006, 666673) 41667
... 16 (666673, 708339) 41666
... 17 (708339, 750005) 41666
... 18 (750005, 791671) 41666
... 19 (791671, 833337) 41666
... 20 (833337, 875003) 41666
... 21 (875003, 916669) 41666
... 22 (916669, 958335) 41666
... 23 (958335, 1000001) 41666

$$$ sequential: no partitions
$$$ duration: 2080 ms
$$$ 1000 max_sequential

$$$ parallel_naive: no partitions
$$$ duration: 2190 ms
$$$ 1000 max_parallel_naive

$$$ parallel_range: 24 partitions
$$$ duration: 1122 ms
$$$ 1000 max_parallel_range

$$$ async_range: 24 partitions
$$$ duration: 941 ms
$$$ 1000 max_async_range

$$$ mailbox_range: 24 partitions
$$$ duration: 783 ms
$$$ 1000 max_mailbox_range

$$$ akka_range: 24 partitions
$$$ duration: 828 ms
$$$ 1000 max_akka_range
 
*** Very Large default-partitions (0) 
... Environment.ProcessorCount: 8
... ThreadPool Min: 8,8; Max: 32767,1000; Avail: 32767,1000
... args: [|"m-1000-10000000-1.txt"; "/*"; "0"; "0"|]
... N1: 1000; N2: 10000000; K: 25; Verbose: 0
... partitions
... 0 (1, 416667) 416666
... 1 (416667, 833333) 416666
... 2 (833333, 1249999) 416666
... 3 (1249999, 1666665) 416666
... 4 (1666665, 2083331) 416666
... 5 (2083331, 2499997) 416666
... 6 (2499997, 2916663) 416666
... 7 (2916663, 3333329) 416666
... 8 (3333329, 3749995) 416666
... 9 (3749995, 4166661) 416666
... 10 (4166661, 4583327) 416666
... 11 (4583327, 4999993) 416666
... 12 (4999993, 5416659) 416666
... 13 (5416659, 5833325) 416666
... 14 (5833325, 6249991) 416666
... 15 (6249991, 6666657) 416666
... 16 (6666657, 7083323) 416666
... 17 (7083323, 7499989) 416666
... 18 (7499989, 7916655) 416666
... 19 (7916655, 8333321) 416666
... 20 (8333321, 8749987) 416666
... 21 (8749987, 9166653) 416666
... 22 (9166653, 9583319) 416666
... 23 (9583319, 9999985) 416666
... 24 (9999985, 10000001) 16

$$$ sequential: no partitions
$$$ duration: 21505 ms
$$$ 1000 max_sequential

$$$ parallel_naive: no partitions
$$$ duration: 20778 ms
$$$ 1000 max_parallel_naive

$$$ parallel_range: 25 partitions
$$$ duration: 11908 ms
$$$ 1000 max_parallel_range

$$$ async_range: 25 partitions
$$$ duration: 9471 ms
$$$ 1000 max_async_range

$$$ mailbox_range: 25 partitions
$$$ duration: 9588 ms
$$$ 1000 max_mailbox_range

$$$ akka_range: 25 partitions
$$$ duration: 9464 ms
$$$ 1000 max_akka_range
 
*** Very Large explicit-partitions (24) 
... Environment.ProcessorCount: 8
... ThreadPool Min: 8,8; Max: 32767,1000; Avail: 32767,1000
... args: [|"m-1000-10000000-1.txt"; "/*"; "24"; "0"|]
... N1: 1000; N2: 10000000; K: 24; Verbose: 0
... partitions
... 0 (1, 416668) 416667
... 1 (416668, 833335) 416667
... 2 (833335, 1250002) 416667
... 3 (1250002, 1666669) 416667
... 4 (1666669, 2083336) 416667
... 5 (2083336, 2500003) 416667
... 6 (2500003, 2916670) 416667
... 7 (2916670, 3333337) 416667
... 8 (3333337, 3750004) 416667
... 9 (3750004, 4166671) 416667
... 10 (4166671, 4583338) 416667
... 11 (4583338, 5000005) 416667
... 12 (5000005, 5416672) 416667
... 13 (5416672, 5833339) 416667
... 14 (5833339, 6250006) 416667
... 15 (6250006, 6666673) 416667
... 16 (6666673, 7083339) 416666
... 17 (7083339, 7500005) 416666
... 18 (7500005, 7916671) 416666
... 19 (7916671, 8333337) 416666
... 20 (8333337, 8750003) 416666
... 21 (8750003, 9166669) 416666
... 22 (9166669, 9583335) 416666
... 23 (9583335, 10000001) 416666

$$$ sequential: no partitions
$$$ duration: 21566 ms
$$$ 1000 max_sequential

$$$ parallel_naive: no partitions
$$$ duration: 22004 ms
$$$ 1000 max_parallel_naive

$$$ parallel_range: 24 partitions
$$$ duration: 12464 ms
$$$ 1000 max_parallel_range

$$$ async_range: 24 partitions
$$$ duration: 10187 ms
$$$ 1000 max_async_range

$$$ mailbox_range: 24 partitions
$$$ duration: 8230 ms
$$$ 1000 max_mailbox_range

$$$ akka_range: 24 partitions
$$$ duration: 8388 ms
$$$ 1000 max_akka_range
 
*** Very Large (alt) default-partitions (0) 
... Environment.ProcessorCount: 8
... ThreadPool Min: 8,8; Max: 32767,1000; Avail: 32767,1000
... args: [|"m-10000-1000000-1.txt"; "/*"; "0"; "0"|]
... N1: 10000; N2: 1000000; K: 25; Verbose: 0
... partitions
... 0 (1, 41667) 41666
... 1 (41667, 83333) 41666
... 2 (83333, 124999) 41666
... 3 (124999, 166665) 41666
... 4 (166665, 208331) 41666
... 5 (208331, 249997) 41666
... 6 (249997, 291663) 41666
... 7 (291663, 333329) 41666
... 8 (333329, 374995) 41666
... 9 (374995, 416661) 41666
... 10 (416661, 458327) 41666
... 11 (458327, 499993) 41666
... 12 (499993, 541659) 41666
... 13 (541659, 583325) 41666
... 14 (583325, 624991) 41666
... 15 (624991, 666657) 41666
... 16 (666657, 708323) 41666
... 17 (708323, 749989) 41666
... 18 (749989, 791655) 41666
... 19 (791655, 833321) 41666
... 20 (833321, 874987) 41666
... 21 (874987, 916653) 41666
... 22 (916653, 958319) 41666
... 23 (958319, 999985) 41666
... 24 (999985, 1000001) 16

$$$ sequential: no partitions
$$$ duration: 21139 ms
$$$ 10000 max_sequential

$$$ parallel_naive: no partitions
$$$ duration: 23402 ms
$$$ 10000 max_parallel_naive

$$$ parallel_range: 25 partitions
$$$ duration: 12368 ms
$$$ 10000 max_parallel_range

$$$ async_range: 25 partitions
$$$ duration: 9833 ms
$$$ 10000 max_async_range

$$$ mailbox_range: 25 partitions
$$$ duration: 9032 ms
$$$ 10000 max_mailbox_range

$$$ akka_range: 25 partitions
$$$ duration: 8447 ms
$$$ 10000 max_akka_range
 
*** Very Large (alt) explicit-partitions (24) 
... Environment.ProcessorCount: 8
... ThreadPool Min: 8,8; Max: 32767,1000; Avail: 32767,1000
... args: [|"m-10000-1000000-1.txt"; "/*"; "24"; "0"|]
... N1: 10000; N2: 1000000; K: 24; Verbose: 0
... partitions
... 0 (1, 41668) 41667
... 1 (41668, 83335) 41667
... 2 (83335, 125002) 41667
... 3 (125002, 166669) 41667
... 4 (166669, 208336) 41667
... 5 (208336, 250003) 41667
... 6 (250003, 291670) 41667
... 7 (291670, 333337) 41667
... 8 (333337, 375004) 41667
... 9 (375004, 416671) 41667
... 10 (416671, 458338) 41667
... 11 (458338, 500005) 41667
... 12 (500005, 541672) 41667
... 13 (541672, 583339) 41667
... 14 (583339, 625006) 41667
... 15 (625006, 666673) 41667
... 16 (666673, 708339) 41666
... 17 (708339, 750005) 41666
... 18 (750005, 791671) 41666
... 19 (791671, 833337) 41666
... 20 (833337, 875003) 41666
... 21 (875003, 916669) 41666
... 22 (916669, 958335) 41666
... 23 (958335, 1000001) 41666

$$$ sequential: no partitions
$$$ duration: 21199 ms
$$$ 10000 max_sequential

$$$ parallel_naive: no partitions
$$$ duration: 21798 ms
$$$ 10000 max_parallel_naive

$$$ parallel_range: 24 partitions
$$$ duration: 11090 ms
$$$ 10000 max_parallel_range

$$$ async_range: 24 partitions
$$$ duration: 9206 ms
$$$ 10000 max_async_range

$$$ mailbox_range: 24 partitions
$$$ duration: 8163 ms
$$$ 10000 max_mailbox_range

$$$ akka_range: 24 partitions
$$$ duration: 8331 ms
$$$ 10000 max_akka_range
